<?xml version="1.0" encoding="UTF-8"?>
<!-- Generated by org.testng.reporters.JUnitReportReporter -->
<testsuite skipped="1" hostname="DESKTOP-UNJ07D7" name="com.testngex.TestNgEx" tests="5" failures="0" timestamp="03 Mar 2018 03:23:19 GMT" time="1.091" errors="1">
  <testcase name="timerelated" time="1.053" classname="com.testngex.TestNgEx">
    <error type="org.testng.internal.thread.ThreadTimeoutException" message="Method com.testngex.TestNgEx.timerelated() didn&#039;t finish within the time-out 1000">
      <![CDATA[org.testng.internal.thread.ThreadTimeoutException: Method com.testngex.TestNgEx.timerelated() didn't finish within the time-out 1000]]>
    </error>
  </testcase> <!-- timerelated -->
  <testcase name="openbr" time="0.015" classname="com.testngex.TestNgEx"/>
  <testcase name="open" time="0.010" classname="com.testngex.TestNgEx"/>
  <testcase name="world" time="0.013" classname="com.testngex.TestNgEx"/>
  <testcase name="worldEn" classname="com.testngex.TestNgEx">
    <skipped/>
  </testcase> <!-- worldEn -->
</testsuite> <!-- com.testngex.TestNgEx -->
