<?xml version="1.0" encoding="UTF-8"?>
<!-- Generated by org.testng.reporters.JUnitReportReporter -->
<testsuite skipped="1" hostname="DESKTOP-UNJ07D7" name="com.testngex.TestNgExGroup" tests="2" failures="0" timestamp="03 Mar 2018 03:35:40 GMT" time="0.023" errors="0">
  <testcase name="open" time="0.023" classname="com.testngex.TestNgExGroup"/>
  <testcase name="worldEn" classname="com.testngex.TestNgExGroup">
    <skipped/>
  </testcase> <!-- worldEn -->
</testsuite> <!-- com.testngex.TestNgExGroup -->
